c:\users\parksangwo\desktop\github\dynamics3d\physics\x64\debug\physics.pch
c:\users\parksangwo\desktop\github\dynamics3d\output\physics.pdb
c:\users\parksangwo\desktop\github\dynamics3d\output\physics.idb
c:\users\parksangwo\desktop\github\dynamics3d\physics\x64\debug\pch.obj
c:\users\parksangwo\desktop\github\dynamics3d\physics\x64\debug\vector3.obj
c:\users\parksangwo\desktop\github\dynamics3d\physics\x64\debug\rigidbody.obj
c:\users\parksangwo\desktop\github\dynamics3d\physics\x64\debug\quaternion.obj
c:\users\parksangwo\desktop\github\dynamics3d\physics\x64\debug\matrix4.obj
c:\users\parksangwo\desktop\github\dynamics3d\physics\x64\debug\matrix3.obj
c:\users\parksangwo\desktop\github\dynamics3d\physics\x64\debug\math.obj
c:\users\parksangwo\desktop\github\dynamics3d\physics\x64\debug\dynamics.obj
c:\users\parksangwo\desktop\github\dynamics3d\physics\x64\debug\dynamicpch.obj
c:\users\parksangwo\desktop\github\dynamics3d\physics\x64\debug\contacts.obj
c:\users\parksangwo\desktop\github\dynamics3d\output\physics.lib
c:\users\parksangwo\desktop\github\dynamics3d\physics\x64\debug\physics.tlog\cl.command.1.tlog
c:\users\parksangwo\desktop\github\dynamics3d\physics\x64\debug\physics.tlog\cl.read.1.tlog
c:\users\parksangwo\desktop\github\dynamics3d\physics\x64\debug\physics.tlog\cl.write.1.tlog
c:\users\parksangwo\desktop\github\dynamics3d\physics\x64\debug\physics.tlog\lib-link.read.1.tlog
c:\users\parksangwo\desktop\github\dynamics3d\physics\x64\debug\physics.tlog\lib-link.write.1.tlog
c:\users\parksangwo\desktop\github\dynamics3d\physics\x64\debug\physics.tlog\lib.command.1.tlog
