c:\users\parksangwo\desktop\github\dynamics3d\dxrenderer\x64\debug\vc143.pdb
c:\users\parksangwo\desktop\github\dynamics3d\dxrenderer\x64\debug\vc143.idb
c:\users\parksangwo\desktop\github\dynamics3d\dxrenderer\x64\debug\utils.obj
c:\users\parksangwo\desktop\github\dynamics3d\dxrenderer\x64\debug\renderer.obj
c:\users\parksangwo\desktop\github\dynamics3d\dxrenderer\x64\debug\main.obj
c:\users\parksangwo\desktop\github\dynamics3d\dxrenderer\x64\debug\dxrenderer.pch
c:\users\parksangwo\desktop\github\dynamics3d\dxrenderer\x64\debug\pch.obj
c:\users\parksangwo\desktop\github\dynamics3d\dxrenderer\x64\debug\geometrygenerator.obj
c:\users\parksangwo\desktop\github\dynamics3d\dxrenderer\x64\debug\gametimer.obj
c:\users\parksangwo\desktop\github\dynamics3d\dxrenderer\x64\debug\frameresource.obj
c:\users\parksangwo\desktop\github\dynamics3d\dxrenderer\x64\debug\font.obj
c:\users\parksangwo\desktop\github\dynamics3d\dxrenderer\x64\debug\ddstextureloader.obj
c:\users\parksangwo\desktop\github\dynamics3d\dxrenderer\x64\debug\camera.obj
c:\users\parksangwo\desktop\github\dynamics3d\output\dxrenderer.exe
c:\users\parksangwo\desktop\github\dynamics3d\dxrenderer\x64\debug\dxrenderer.ilk
c:\users\parksangwo\desktop\github\dynamics3d\output\dxrenderer.pdb
c:\users\parksangwo\desktop\github\dynamics3d\dxrenderer\x64\debug\dxrenderer.tlog\cl.command.1.tlog
c:\users\parksangwo\desktop\github\dynamics3d\dxrenderer\x64\debug\dxrenderer.tlog\cl.read.1.tlog
c:\users\parksangwo\desktop\github\dynamics3d\dxrenderer\x64\debug\dxrenderer.tlog\cl.write.1.tlog
c:\users\parksangwo\desktop\github\dynamics3d\dxrenderer\x64\debug\dxrenderer.tlog\fxc.command.1.tlog
c:\users\parksangwo\desktop\github\dynamics3d\dxrenderer\x64\debug\dxrenderer.tlog\fxc.read.1.tlog
c:\users\parksangwo\desktop\github\dynamics3d\dxrenderer\x64\debug\dxrenderer.tlog\link.command.1.tlog
c:\users\parksangwo\desktop\github\dynamics3d\dxrenderer\x64\debug\dxrenderer.tlog\link.read.1.tlog
c:\users\parksangwo\desktop\github\dynamics3d\dxrenderer\x64\debug\dxrenderer.tlog\link.write.1.tlog
