c:\users\parksangwo\desktop\github\dynamics3d\glrenderer\x64\debug\vc143.pdb
c:\users\parksangwo\desktop\github\dynamics3d\glrenderer\x64\debug\vc143.idb
c:\users\parksangwo\desktop\github\dynamics3d\glrenderer\x64\debug\gametimer.obj
c:\users\parksangwo\desktop\github\dynamics3d\glrenderer\x64\debug\client.obj
c:\users\parksangwo\desktop\github\dynamics3d\glrenderer\x64\debug\renderer.obj
c:\users\parksangwo\desktop\github\dynamics3d\glrenderer\x64\debug\glrenderer.pch
c:\users\parksangwo\desktop\github\dynamics3d\glrenderer\x64\debug\pch.obj
c:\users\parksangwo\desktop\github\dynamics3d\glrenderer\x64\debug\glrenderer.ilk
c:\users\parksangwo\desktop\github\dynamics3d\output\glrenderer.exe
c:\users\parksangwo\desktop\github\dynamics3d\output\glrenderer.pdb
c:\users\parksangwo\desktop\github\dynamics3d\glrenderer\x64\debug\glrenderer.res
c:\users\parksangwo\desktop\github\dynamics3d\glrenderer\x64\debug\glrenderer.obj
c:\users\parksangwo\desktop\github\dynamics3d\glrenderer\x64\debug\glrenderer.tlog\cl.command.1.tlog
c:\users\parksangwo\desktop\github\dynamics3d\glrenderer\x64\debug\glrenderer.tlog\cl.read.1.tlog
c:\users\parksangwo\desktop\github\dynamics3d\glrenderer\x64\debug\glrenderer.tlog\cl.write.1.tlog
c:\users\parksangwo\desktop\github\dynamics3d\glrenderer\x64\debug\glrenderer.tlog\link.command.1.tlog
c:\users\parksangwo\desktop\github\dynamics3d\glrenderer\x64\debug\glrenderer.tlog\link.read.1.tlog
c:\users\parksangwo\desktop\github\dynamics3d\glrenderer\x64\debug\glrenderer.tlog\link.write.1.tlog
c:\users\parksangwo\desktop\github\dynamics3d\glrenderer\x64\debug\glrenderer.tlog\rc.command.1.tlog
c:\users\parksangwo\desktop\github\dynamics3d\glrenderer\x64\debug\glrenderer.tlog\rc.read.1.tlog
c:\users\parksangwo\desktop\github\dynamics3d\glrenderer\x64\debug\glrenderer.tlog\rc.write.1.tlog
